android/app/build/intermediates/manifest_merge_blame_file/release/manifest-merger-blame-release-report.txt
1<?xml version="1.0" encoding="utf-8"?>
2<manifest xmlns:android="http://schemas.android.com/apk/res/android"
3    package="com.deprem"
4    android:versionCode="1"
5    android:versionName="1.0" >
6
7    <uses-sdk
8        android:minSdkVersion="16"
8-->src/main/AndroidManifest.xml
9        android:targetSdkVersion="28" />
9-->src/main/AndroidManifest.xml
10
11    <uses-permission android:name="android.permission.INTERNET" />
11-->src/main/AndroidManifest.xml:4:5-67
11-->src/main/AndroidManifest.xml:4:22-64
12    <uses-permission android:name="android.permission.ACCESS_COARSE_LOCATION" /> <!-- Include required permissions for Google Maps API to run. -->
12-->[:react-native-maps] AndroidManifest.xml:10:5-81
12-->[:react-native-maps] AndroidManifest.xml:10:22-78
13    <uses-permission android:name="android.permission.ACCESS_NETWORK_STATE" />
13-->[com.google.android.gms:play-services-maps:17.0.0] AndroidManifest.xml:23:5-79
13-->[com.google.android.gms:play-services-maps:17.0.0] AndroidManifest.xml:23:22-76
14
15    <uses-feature
15-->[com.google.android.gms:play-services-maps:17.0.0] AndroidManifest.xml:26:5-28:35
16        android:glEsVersion="0x00020000"
16-->[com.google.android.gms:play-services-maps:17.0.0] AndroidManifest.xml:27:9-41
17        android:required="true" />
17-->[com.google.android.gms:play-services-maps:17.0.0] AndroidManifest.xml:28:9-32
18
19    <application
19-->src/main/AndroidManifest.xml:6:5-28:19
20        android:name="com.deprem.MainApplication"
20-->src/main/AndroidManifest.xml:7:7-38
21        android:allowBackup="false"
21-->src/main/AndroidManifest.xml:11:7-34
22        android:appComponentFactory="androidx.core.app.CoreComponentFactory"
22-->[androidx.core:core:1.1.0] AndroidManifest.xml:24:18-86
23        android:icon="@mipmap/ic_launcher"
23-->src/main/AndroidManifest.xml:9:7-41
24        android:label="@string/app_name"
24-->src/main/AndroidManifest.xml:8:7-39
25        android:roundIcon="@mipmap/ic_launcher_round"
25-->src/main/AndroidManifest.xml:10:7-52
26        android:theme="@style/AppTheme" >
26-->src/main/AndroidManifest.xml:12:7-38
27        <meta-data
27-->src/main/AndroidManifest.xml:13:7-15:67
28            android:name="com.google.android.geo.API_KEY"
28-->src/main/AndroidManifest.xml:14:9-54
29            android:value="YAIzaSyB6eInsgDwPStDb1gfGt64OPtteE6MF-bc" />
29-->src/main/AndroidManifest.xml:15:9-65
30
31        <activity
31-->src/main/AndroidManifest.xml:16:7-26:18
32            android:name="com.deprem.MainActivity"
32-->src/main/AndroidManifest.xml:17:9-37
33            android:configChanges="keyboard|keyboardHidden|orientation|screenSize|uiMode"
33-->src/main/AndroidManifest.xml:19:9-86
34            android:label="@string/app_name"
34-->src/main/AndroidManifest.xml:18:9-41
35            android:launchMode="singleTask"
35-->src/main/AndroidManifest.xml:20:9-40
36            android:windowSoftInputMode="adjustResize" >
36-->src/main/AndroidManifest.xml:21:9-51
37            <intent-filter>
37-->src/main/AndroidManifest.xml:22:9-25:25
38                <action android:name="android.intent.action.MAIN" />
38-->src/main/AndroidManifest.xml:23:13-65
38-->src/main/AndroidManifest.xml:23:21-62
39
40                <category android:name="android.intent.category.LAUNCHER" />
40-->src/main/AndroidManifest.xml:24:13-73
40-->src/main/AndroidManifest.xml:24:23-70
41            </intent-filter>
42        </activity>
43        <activity android:name="com.facebook.react.devsupport.DevSettingsActivity" />
43-->src/main/AndroidManifest.xml:27:7-84
43-->src/main/AndroidManifest.xml:27:17-81
44        <!-- Needs to be explicitly declared on P+ -->
45        <uses-library
45-->[com.google.android.gms:play-services-maps:17.0.0] AndroidManifest.xml:33:9-35:40
46            android:name="org.apache.http.legacy"
46-->[com.google.android.gms:play-services-maps:17.0.0] AndroidManifest.xml:34:13-50
47            android:required="false" />
47-->[com.google.android.gms:play-services-maps:17.0.0] AndroidManifest.xml:35:13-37
48
49        <activity
49-->[com.google.android.gms:play-services-base:17.0.0] AndroidManifest.xml:23:9-26:75
50            android:name="com.google.android.gms.common.api.GoogleApiActivity"
50-->[com.google.android.gms:play-services-base:17.0.0] AndroidManifest.xml:24:13-79
51            android:exported="false"
51-->[com.google.android.gms:play-services-base:17.0.0] AndroidManifest.xml:25:13-37
52            android:theme="@android:style/Theme.Translucent.NoTitleBar" />
52-->[com.google.android.gms:play-services-base:17.0.0] AndroidManifest.xml:26:13-72
53
54        <meta-data
54-->[com.google.android.gms:play-services-basement:17.0.0] AndroidManifest.xml:23:9-25:69
55            android:name="com.google.android.gms.version"
55-->[com.google.android.gms:play-services-basement:17.0.0] AndroidManifest.xml:24:13-58
56            android:value="@integer/google_play_services_version" />
56-->[com.google.android.gms:play-services-basement:17.0.0] AndroidManifest.xml:25:13-66
57    </application>
58
59</manifest>